#
# A fatal error has been detected by the Java Runtime Environment:
#
#  EXCEPTION_PRIV_INSTRUCTION (0xc0000096) at pc=0x000001efc8a3bdbe, pid=11008, tid=1596
#
# JRE version: OpenJDK Runtime Environment AdoptOpenJDK-11.0.11+9 (11.0.11+9) (build 11.0.11+9)
# Java VM: OpenJDK 64-Bit Server VM AdoptOpenJDK-11.0.11+9 (11.0.11+9, mixed mode, tiered, compressed oops, parallel gc, windows-amd64)
# Problematic frame:
# J 13922 c1 org.eclipse.jdt.internal.core.ClassFile.getJarBinaryTypeInfo()Lorg/eclipse/jdt/internal/compiler/env/IBinaryType; (336 bytes) @ 0x000001efc8a3bdbe [0x000001efc8a3a220+0x0000000000001b9e]
#
# No core dump will be written. Minidumps are not enabled by default on client versions of Windows
#
# If you would like to submit a bug report, please visit:
#   https://github.com/AdoptOpenJDK/openjdk-support/issues
#

---------------  S U M M A R Y ------------

Command Line: --add-modules=ALL-SYSTEM --add-opens=java.base/java.util=ALL-UNNAMED --add-opens=java.base/java.lang=ALL-UNNAMED -Declipse.application=org.eclipse.jdt.ls.core.id1 -Dosgi.bundles.defaultStartLevel=4 -Declipse.product=org.eclipse.jdt.ls.core.product -Dfile.encoding=utf8 -DwatchParentProcess=false -XX:+UseParallelGC -XX:GCTimeRatio=4 -XX:AdaptiveSizePolicyWeight=90 -Dsun.zip.disableMemoryMapping=true -Xmx1G -Xms100m -Xverify:none c:\Users\David\.vscode\extensions\redhat.java-0.80.0\server\plugins\org.eclipse.equinox.launcher_1.6.200.v20210416-2027.jar -configuration c:\Users\David\AppData\Roaming\Code\User\globalStorage\redhat.java\0.80.0\config_win -data c:\Users\David\AppData\Roaming\Code\User\workspaceStorage\a59c26c375d1063614dc211f7c1d4676\redhat.java\jdt_ws

Host: Intel(R) Core(TM) i5-4310U CPU @ 2.00GHz, 4 cores, 7G,  Windows 10 , 64 bit Build 19041 (10.0.19041.1023)
Time: Wed Aug 11 08:19:21 2021 Central Daylight Time elapsed time: 3985.497555 seconds (0d 1h 6m 25s)

---------------  T H R E A D  ---------------

Current thread (0x000001efda71e000):  JavaThread "ForkJoinPool.commonPool-worker-3" daemon [_thread_in_Java, id=1596, stack(0x000000bce2e00000,0x000000bce2f00000)]

Stack: [0x000000bce2e00000,0x000000bce2f00000],  sp=0x000000bce2efd300,  free space=1012k
Native frames: (J=compiled Java code, j=interpreted, Vv=VM code, C=native code)
C  0x000001efc8a3bdbe


siginfo: EXCEPTION_PRIV_INSTRUCTION (0xc0000096)


Register to memory mapping:

RIP=0x000001efc8a3bdbe is at entry_point+7070 in (nmethod*)0x000001efc8a39a10
RAX=0x00000000eac23bd8 is an oop: java.lang.StringBuilder 
{0x00000000eac23bd8} - klass: 'java/lang/StringBuilder'
RBX=0x00000000000000e5 is an unknown value
RCX=0x00000000000000e5 is an unknown value
RDX=0x000000000042f1e8 is an unknown value
RSP=0x000000bce2efd300 is pointing into the stack for thread: 0x000001efda71e000
RBP=0x00000000eac1fff0 is an oop: org.eclipse.jdt.internal.core.BinaryType 
{0x00000000eac1fff0} - klass: 'org/eclipse/jdt/internal/core/BinaryType'
RSI=0x00000000fffffff0 is an unallocated location in the heap
RDI=0x00000000000000e5 is an unknown value
R8 =0x00000000eac23bd8 is an oop: java.lang.StringBuilder 
{0x00000000eac23bd8} - klass: 'java/lang/StringBuilder'
R9 =0x00000000000000e5 is an unknown value
R10=0x000001efbba61000 points into unknown readable memory: 0x0000000000000000 | 00 00 00 00 00 00 00 00
R11=0x00000000000000e5 is an unknown value
R12=0x0 is NULL
R13=0x00000000eac240b8 is an oop: [B 
{0x00000000eac240b8} - klass: {type array byte}
 - length: 229
R14=0x00000000eac240a0 is an oop: java.lang.String 
{0x00000000eac240a0} - klass: 'java/lang/String'
R15=0x000001efda71e000 is a thread


Registers:
RAX=0x00000000eac23bd8, RBX=0x00000000000000e5, RCX=0x00000000000000e5, RDX=0x000000000042f1e8
RSP=0x000000bce2efd300, RBP=0x00000000eac1fff0, RSI=0x00000000fffffff0, RDI=0x00000000000000e5
R8 =0x00000000eac23bd8, R9 =0x00000000000000e5, R10=0x000001efbba61000, R11=0x00000000000000e5
R12=0x0000000000000000, R13=0x00000000eac240b8, R14=0x00000000eac240a0, R15=0x000001efda71e000
RIP=0x000001efc8a3bdbe, EFLAGS=0x0000000000010246

Top of Stack: (sp=0x000000bce2efd300)
0x000000bce2efd300:   00000000c1afbf10 000001efce081270
0x000000bce2efd310:   000000012dad1581 2dad3880c1afbf10
0x000000bce2efd320:   d66db0c100000002 0000000000000000
0x000000bce2efd330:   00000000c1af66f0 000001efce33a73c
0x000000bce2efd340:   00000000c1afbf10 000001efce081270
0x000000bce2efd350:   000000012dad1581 2dad3880c1afbf10
0x000000bce2efd360:   d66db0c100000002 000000000000002f
0x000000bce2efd370:   000000010000e8c8 000001ef00000072
0x000000bce2efd380:   00000000eac1ff30 000001efce234908
0x000000bce2efd390:   00000000eac17e50 00000000eac1fff0
0x000000bce2efd3a0:   00000000eac1ff30 0000000000000c00
0x000000bce2efd3b0:   0000000000000000 0000000000000000
0x000000bce2efd3c0:   00000000eac1ff30 00000000eac1ffc8
0x000000bce2efd3d0:   00000000eac20d78 00000000c1bdd998
0x000000bce2efd3e0:   00000000eac1ff30 00000000eac21308
0x000000bce2efd3f0:   00000000eac1fd68 00000000c1f60968 

Instructions: (pc=0x000001efc8a3bdbe)
0x000001efc8a3bcbe:   48 89 84 24 28 01 00 00 48 8b 94 24 18 01 00 00
0x000001efc8a3bcce:   48 be 98 80 d4 d9 ef 01 00 00 48 83 86 78 01 00
0x000001efc8a3bcde:   00 01 41 83 c0 10 48 8b 94 24 18 01 00 00 66 66
0x000001efc8a3bcee:   90 e8 cc 54 46 05 48 8b 84 24 18 01 00 00 49 b8
0x000001efc8a3bcfe:   98 80 d4 d9 ef 01 00 00 49 83 80 88 01 00 00 01
0x000001efc8a3bd0e:   49 b8 e8 b5 7a d7 ef 01 00 00 41 8b 90 04 01 00
0x000001efc8a3bd1e:   00 83 c2 08 41 89 90 04 01 00 00 81 e2 f8 ff 7f
0x000001efc8a3bd2e:   00 83 fa 00 0f 84 7e 29 00 00 48 8b 84 24 18 01
0x000001efc8a3bd3e:   00 00 49 b8 e8 b5 7a d7 ef 01 00 00 49 83 80 40
0x000001efc8a3bd4e:   01 00 00 01 4c 8b 84 24 28 01 00 00 48 8b 94 24
0x000001efc8a3bd5e:   18 01 00 00 0f 1f 44 00 00 e8 14 c7 89 05 4c 8b
0x000001efc8a3bd6e:   84 24 18 01 00 00 48 ba 68 b3 6f ea ef 01 00 00
0x000001efc8a3bd7e:   48 83 82 f8 04 00 00 01 49 b8 60 be 7b d7 ef 01
0x000001efc8a3bd8e:   00 00 41 8b 90 04 01 00 00 83 c2 08 41 89 90 04
0x000001efc8a3bd9e:   01 00 00 81 e2 f8 ff 7f 00 83 fa 00 0f 84 27 29
0x000001efc8a3bdae:   00 00 4c 8b 84 24 18 01 00 00 48 ba 60 be 7b d7
0x000001efc8a3bdbe:   ef 01 00 00 48 83 82 40 01 00 00 01 41 b8 7c 00
0x000001efc8a3bdce:   00 00 48 8b 94 24 18 01 00 00 0f 1f 80 00 00 00
0x000001efc8a3bdde:   00 e8 7c ee 4b 05 48 8b 84 24 18 01 00 00 49 b8
0x000001efc8a3bdee:   68 b3 6f ea ef 01 00 00 49 83 80 30 05 00 00 01
0x000001efc8a3bdfe:   49 b8 e8 b5 7a d7 ef 01 00 00 41 8b 90 04 01 00
0x000001efc8a3be0e:   00 83 c2 08 41 89 90 04 01 00 00 81 e2 f8 ff 7f
0x000001efc8a3be1e:   00 83 fa 00 0f 84 d0 28 00 00 48 8b 84 24 18 01
0x000001efc8a3be2e:   00 00 49 b8 e8 b5 7a d7 ef 01 00 00 49 83 80 40
0x000001efc8a3be3e:   01 00 00 01 4c 8b 84 24 08 01 00 00 48 8b 94 24
0x000001efc8a3be4e:   18 01 00 00 0f 1f 44 00 00 e8 24 c6 89 05 48 8b
0x000001efc8a3be5e:   84 24 18 01 00 00 48 ba 68 b3 6f ea ef 01 00 00
0x000001efc8a3be6e:   48 83 82 68 05 00 00 01 48 ba f0 b9 7a d7 ef 01
0x000001efc8a3be7e:   00 00 8b b2 04 01 00 00 83 c6 08 89 b2 04 01 00
0x000001efc8a3be8e:   00 81 e6 f8 ff 7f 00 83 fe 00 0f 84 7b 28 00 00
0x000001efc8a3be9e:   48 8b 84 24 18 01 00 00 48 ba f0 b9 7a d7 ef 01
0x000001efc8a3beae:   00 00 48 83 82 40 01 00 00 01 48 ba 68 62 78 d7 


Stack slot to memory mapping:
stack at sp + 0 slots: 0x00000000c1afbf10 is an oop: [Lorg.eclipse.jdt.core.IClasspathAttribute; 
{0x00000000c1afbf10} - klass: 'org/eclipse/jdt/core/IClasspathAttribute'[]
 - length: 2
stack at sp + 1 slots: 0x000001efce081270 is at entry_point+688 in (nmethod*)0x000001efce080e10
stack at sp + 2 slots: 0x000000012dad1581 is an unknown value
stack at sp + 3 slots: 0x2dad3880c1afbf10 is an unknown value
stack at sp + 4 slots: 0xd66db0c100000002 is an unknown value
stack at sp + 5 slots: 0x0 is NULL
stack at sp + 6 slots: 0x00000000c1af66f0 is an oop: org.eclipse.core.runtime.Path 
{0x00000000c1af66f0} - klass: 'org/eclipse/core/runtime/Path'
stack at sp + 7 slots: 0x000001efce33a73c is at entry_point+508 in (nmethod*)0x000001efce33a390



---------------  P R O C E S S  ---------------

Threads class SMR info:
_java_thread_list=0x000001efda4c5c90, length=38, elements={
0x000001efbdc6e000, 0x000001efbdd3e800, 0x000001efd7d31800, 0x000001efd8ec2800,
0x000001efbdd4a000, 0x000001efbdd4b800, 0x000001efd7d34000, 0x000001efd7d35000,
0x000001efd7d7c000, 0x000001efd8fd6800, 0x000001efda003800, 0x000001efd92ae800,
0x000001efd8f87000, 0x000001efd9270800, 0x000001efd95a9800, 0x000001efd9a03800,
0x000001efda270800, 0x000001efda273800, 0x000001efda272000, 0x000001efda71e000,
0x000001efda725000, 0x000001efda726000, 0x000001efda720800, 0x000001efda275000,
0x000001efda727000, 0x000001efda71e800, 0x000001efda721000, 0x000001efda727800,
0x000001efda723800, 0x000001efda722000, 0x000001efda729800, 0x000001efda72a000,
0x000001efda724800, 0x000001efda72b000, 0x000001efda72c000, 0x000001efda728800,
0x000001efda72c800, 0x000001efda274800
}

Java Threads: ( => current thread )
  0x000001efbdc6e000 JavaThread "main" [_thread_blocked, id=8516, stack(0x000000bce1200000,0x000000bce1300000)]
  0x000001efbdd3e800 JavaThread "Reference Handler" daemon [_thread_blocked, id=1876, stack(0x000000bce1500000,0x000000bce1600000)]
  0x000001efd7d31800 JavaThread "Finalizer" daemon [_thread_blocked, id=4116, stack(0x000000bce1600000,0x000000bce1700000)]
  0x000001efd8ec2800 JavaThread "Signal Dispatcher" daemon [_thread_blocked, id=10892, stack(0x000000bce1700000,0x000000bce1800000)]
  0x000001efbdd4a000 JavaThread "Attach Listener" daemon [_thread_blocked, id=8124, stack(0x000000bce1800000,0x000000bce1900000)]
  0x000001efbdd4b800 JavaThread "Service Thread" daemon [_thread_blocked, id=11716, stack(0x000000bce1900000,0x000000bce1a00000)]
  0x000001efd7d34000 JavaThread "C2 CompilerThread0" daemon [_thread_blocked, id=9716, stack(0x000000bce1a00000,0x000000bce1b00000)]
  0x000001efd7d35000 JavaThread "C1 CompilerThread0" daemon [_thread_blocked, id=8292, stack(0x000000bce1b00000,0x000000bce1c00000)]
  0x000001efd7d7c000 JavaThread "Sweeper thread" daemon [_thread_blocked, id=11840, stack(0x000000bce1c00000,0x000000bce1d00000)]
  0x000001efd8fd6800 JavaThread "Common-Cleaner" daemon [_thread_blocked, id=2724, stack(0x000000bce1d00000,0x000000bce1e00000)]
  0x000001efda003800 JavaThread "Active Thread: Equinox Container: c84c6c7c-617c-44e2-b172-095cf8beb735" [_thread_blocked, id=11468, stack(0x000000bce2000000,0x000000bce2100000)]
  0x000001efd92ae800 JavaThread "Framework Event Dispatcher: Equinox Container: c84c6c7c-617c-44e2-b172-095cf8beb735" daemon [_thread_blocked, id=12112, stack(0x000000bce1f00000,0x000000bce2000000)]
  0x000001efd8f87000 JavaThread "Start Level: Equinox Container: c84c6c7c-617c-44e2-b172-095cf8beb735" daemon [_thread_blocked, id=3176, stack(0x000000bce2400000,0x000000bce2500000)]
  0x000001efd9270800 JavaThread "SCR Component Actor" daemon [_thread_blocked, id=11372, stack(0x000000bce2500000,0x000000bce2600000)]
  0x000001efd95a9800 JavaThread "Bundle File Closer" daemon [_thread_blocked, id=10504, stack(0x000000bce2700000,0x000000bce2800000)]
  0x000001efd9a03800 JavaThread "Worker-JM" [_thread_blocked, id=2076, stack(0x000000bce2800000,0x000000bce2900000)]
  0x000001efda270800 JavaThread "Java indexing" daemon [_thread_blocked, id=2728, stack(0x000000bce2b00000,0x000000bce2c00000)]
  0x000001efda273800 JavaThread "logback configurator timer" daemon [_thread_blocked, id=2368, stack(0x000000bce2600000,0x000000bce2700000)]
  0x000001efda272000 JavaThread "pool-2-thread-1" [_thread_in_native, id=10260, stack(0x000000bce2c00000,0x000000bce2d00000)]
=>0x000001efda71e000 JavaThread "ForkJoinPool.commonPool-worker-3" daemon [_thread_in_Java, id=1596, stack(0x000000bce2e00000,0x000000bce2f00000)]
  0x000001efda725000 JavaThread "Worker-9" [_thread_blocked, id=840, stack(0x000000bce3000000,0x000000bce3100000)]
  0x000001efda726000 JavaThread "ForkJoinPool.commonPool-worker-1" daemon [_thread_blocked, id=10744, stack(0x000000bce1100000,0x000000bce1200000)]
  0x000001efda720800 JavaThread "ForkJoinPool.commonPool-worker-9" daemon [_thread_blocked, id=11580, stack(0x000000bce2900000,0x000000bce2a00000)]
  0x000001efda275000 JavaThread "ForkJoinPool.commonPool-worker-5" daemon [_thread_blocked, id=2052, stack(0x000000bce1000000,0x000000bce1100000)]
  0x000001efda727000 JavaThread "Worker-13" [_thread_blocked, id=11168, stack(0x000000bce2a00000,0x000000bce2b00000)]
  0x000001efda71e800 JavaThread "ForkJoinPool.commonPool-worker-7" daemon [_thread_blocked, id=8660, stack(0x000000bce0f00000,0x000000bce1000000)]
  0x000001efda721000 JavaThread "Worker-14" [_thread_blocked, id=11328, stack(0x000000bce2d00000,0x000000bce2e00000)]
  0x000001efda727800 JavaThread "Worker-15" [_thread_blocked, id=12264, stack(0x000000bce2f00000,0x000000bce3000000)]
  0x000001efda723800 JavaThread "Worker-16" [_thread_blocked, id=3648, stack(0x000000bce3200000,0x000000bce3300000)]
  0x000001efda722000 JavaThread "pool-54-thread-1" [_thread_blocked, id=5356, stack(0x000000bce3100000,0x000000bce3200000)]
  0x000001efda729800 JavaThread "pool-55-thread-1" [_thread_blocked, id=5896, stack(0x000000bce3500000,0x000000bce3600000)]
  0x000001efda72a000 JavaThread "pool-56-thread-1" [_thread_blocked, id=11320, stack(0x000000bce3600000,0x000000bce3700000)]
  0x000001efda724800 JavaThread "pool-57-thread-1" [_thread_blocked, id=10232, stack(0x000000bce3700000,0x000000bce3800000)]
  0x000001efda72b000 JavaThread "pool-58-thread-1" [_thread_blocked, id=1400, stack(0x000000bce3800000,0x000000bce3900000)]
  0x000001efda72c000 JavaThread "pool-59-thread-1" [_thread_blocked, id=5204, stack(0x000000bce3900000,0x000000bce3a00000)]
  0x000001efda728800 JavaThread "pool-60-thread-1" [_thread_blocked, id=12196, stack(0x000000bce3300000,0x000000bce3400000)]
  0x000001efda72c800 JavaThread "pool-61-thread-1" [_thread_blocked, id=12156, stack(0x000000bce3a00000,0x000000bce3b00000)]
  0x000001efda274800 JavaThread "pool-62-thread-1" [_thread_blocked, id=12144, stack(0x000000bce3b00000,0x000000bce3c00000)]

Other Threads:
  0x000001efbdd3c800 VMThread "VM Thread" [stack: 0x000000bce1400000,0x000000bce1500000] [id=8032]
  0x000001efd90ff800 WatcherThread [stack: 0x000000bce1e00000,0x000000bce1f00000] [id=9340]
  0x000001efbdc84800 GCTaskThread "ParGC Thread#0" [stack: 0x000000bce1300000,0x000000bce1400000] [id=11556]
  0x000001efd92af000 GCTaskThread "ParGC Thread#1" [stack: 0x000000bce2100000,0x000000bce2200000] [id=11472]
  0x000001efd93c2800 GCTaskThread "ParGC Thread#2" [stack: 0x000000bce2200000,0x000000bce2300000] [id=7944]
  0x000001efd93c3000 GCTaskThread "ParGC Thread#3" [stack: 0x000000bce2300000,0x000000bce2400000] [id=11364]

Threads with active compile tasks:

VM state:not at safepoint (normal execution)

VM Mutex/Monitor currently owned by a thread: None

Heap address: 0x00000000c0000000, size: 1024 MB, Compressed Oops mode: 32-bit
Narrow klass base: 0x0000000000000000, Narrow klass shift: 3
Compressed class space size: 1073741824 Address: 0x0000000100000000

Heap:
 PSYoungGen      total 3072K, used 2029K [0x00000000eab00000, 0x00000000eb180000, 0x0000000100000000)
  eden space 2048K, 67% used [0x00000000eab00000,0x00000000eac5aea0,0x00000000ead00000)
  from space 1024K, 62% used [0x00000000eb000000,0x00000000eb0a07d0,0x00000000eb100000)
  to   space 512K, 0% used [0x00000000eb100000,0x00000000eb100000,0x00000000eb180000)
 ParOldGen       total 148992K, used 136635K [0x00000000c0000000, 0x00000000c9180000, 0x00000000eab00000)
  object space 148992K, 91% used [0x00000000c0000000,0x00000000c856ef40,0x00000000c9180000)
 Metaspace       used 80250K, capacity 83864K, committed 84096K, reserved 1124352K
  class space    used 7510K, capacity 8778K, committed 8832K, reserved 1048576K

Card table byte_map: [0x000001efbd630000,0x000001efbd840000] _byte_map_base: 0x000001efbd030000

Marking Bits: (ParMarkBitMap*) 0x00007ffc763ed340
 Begin Bits: [0x000001efd5380000, 0x000001efd6380000)
 End Bits:   [0x000001efd6380000, 0x000001efd7380000)

Polling page: 0x000001efbba60000

Metaspace:

Usage:
  Non-class:     73.33 MB capacity,    71.04 MB ( 97%) used,     2.12 MB (  3%) free+waste,   176.38 KB ( <1%) overhead. 
      Class:      8.57 MB capacity,     7.33 MB ( 86%) used,     1.17 MB ( 14%) free+waste,    73.50 KB ( <1%) overhead. 
       Both:     81.90 MB capacity,    78.37 MB ( 96%) used,     3.29 MB (  4%) free+waste,   249.88 KB ( <1%) overhead. 

Virtual space:
  Non-class space:       74.00 MB reserved,      73.50 MB (>99%) committed 
      Class space:        1.00 GB reserved,       8.63 MB ( <1%) committed 
             Both:        1.07 GB reserved,      82.13 MB (  7%) committed 

Chunk freelists:
   Non-Class:  50.00 KB
       Class:  54.00 KB
        Both:  104.00 KB

MaxMetaspaceSize: 17179869184.00 GB
CompressedClassSpaceSize: 1.00 GB

CodeHeap 'non-profiled nmethods': size=120064Kb used=14570Kb max_used=15185Kb free=105493Kb
 bounds [0x000001efcde40000, 0x000001efced20000, 0x000001efd5380000]
CodeHeap 'profiled nmethods': size=120000Kb used=37827Kb max_used=38373Kb free=82172Kb
 bounds [0x000001efc6910000, 0x000001efc8ec0000, 0x000001efcde40000]
CodeHeap 'non-nmethods': size=5696Kb used=1302Kb max_used=1363Kb free=4393Kb
 bounds [0x000001efc6380000, 0x000001efc65f0000, 0x000001efc6910000]
 total_blobs=15110 nmethods=14404 adapters=615
 compilation: enabled
              stopped_count=0, restarted_count=0
 full_count=0

Compilation events (20 events):
Event: 3985.413 Thread 0x000001efd7d35000 nmethod 17341 0x000001efc7d79e90 code [0x000001efc7d7a100, 0x000001efc7d7ad48]
Event: 3985.413 Thread 0x000001efd7d35000 17342       3       org.eclipse.jdt.internal.core.SearchableEnvironment$6::acceptConstructor (49 bytes)
Event: 3985.413 Thread 0x000001efd7d35000 nmethod 17342 0x000001efc78c7010 code [0x000001efc78c71e0, 0x000001efc78c7538]
Event: 3985.414 Thread 0x000001efd7d35000 17343       3       org.eclipse.jdt.internal.codeassist.CompletionEngine::acceptConstructor (225 bytes)
Event: 3985.415 Thread 0x000001efd7d35000 nmethod 17343 0x000001efc7d7fc90 code [0x000001efc7d7ff20, 0x000001efc7d80cc8]
Event: 3985.416 Thread 0x000001efd7d35000 17344       3       org.eclipse.jdt.internal.codeassist.CompletionEngine$AcceptedConstructor::<init> (82 bytes)
Event: 3985.417 Thread 0x000001efd7d35000 nmethod 17344 0x000001efc78dbf10 code [0x000001efc78dc0c0, 0x000001efc78dc2d8]
Event: 3985.430 Thread 0x000001efd7d35000 17345       3       org.eclipse.jdt.internal.compiler.lookup.LookupEnvironment::getType (10 bytes)
Event: 3985.439 Thread 0x000001efd7d35000 nmethod 17345 0x000001efc7004e10 code [0x000001efc7004fc0, 0x000001efc7005108]
Event: 3985.439 Thread 0x000001efd7d35000 17347       3       org.eclipse.jdt.internal.compiler.lookup.LookupEnvironment::getType (205 bytes)
Event: 3985.439 Thread 0x000001efd7d34000 17348       4       org.eclipse.jdt.internal.core.ClassFileInfo::generateAnnotationsInfos (52 bytes)
Event: 3985.441 Thread 0x000001efd7d35000 nmethod 17347 0x000001efc7e08690 code [0x000001efc7e089e0, 0x000001efc7e0a0c8]
Event: 3985.441 Thread 0x000001efd7d35000 17346       3       jdk.internal.jrtfs.JrtFileSystem::newByteChannel (44 bytes)
Event: 3985.442 Thread 0x000001efd7d35000 nmethod 17346 0x000001efc7dd7690 code [0x000001efc7dd7900, 0x000001efc7dd8448]
Event: 3985.448 Thread 0x000001efd7d35000 17350       3       org.eclipse.jdt.internal.codeassist.InternalCompletionProposal::setParameterNames (11 bytes)
Event: 3985.449 Thread 0x000001efd7d35000 nmethod 17350 0x000001efc7020490 code [0x000001efc7020640, 0x000001efc7020758]
Event: 3985.452 Thread 0x000001efd7d35000 17351       3       org.eclipse.jdt.internal.compiler.lookup.ReferenceBinding::computeId (3032 bytes)
Event: 3985.469 Thread 0x000001efd7d35000 nmethod 17351 0x000001efc8957a90 code [0x000001efc8958940, 0x000001efc8960968]
Event: 3985.483 Thread 0x000001efd7d35000 17352       3       org.eclipse.jdt.ls.core.internal.contentassist.CompletionProposalRequestor::accept (107 bytes)
Event: 3985.484 Thread 0x000001efd7d35000 nmethod 17352 0x000001efc7de9e10 code [0x000001efc7dea0e0, 0x000001efc7deada8]

GC Heap History (20 events):
Event: 3984.561 GC heap before
{Heap before GC invocations=1823 (full 61):
 PSYoungGen      total 7680K, used 6368K [0x00000000eab00000, 0x00000000eb580000, 0x0000000100000000)
  eden space 5120K, 100% used [0x00000000eab00000,0x00000000eb000000,0x00000000eb000000)
  from space 2560K, 48% used [0x00000000eb180000,0x00000000eb2b8000,0x00000000eb400000)
  to   space 1536K, 0% used [0x00000000eb400000,0x00000000eb400000,0x00000000eb580000)
 ParOldGen       total 148992K, used 125068K [0x00000000c0000000, 0x00000000c9180000, 0x00000000eab00000)
  object space 148992K, 83% used [0x00000000c0000000,0x00000000c7a23060,0x00000000c9180000)
 Metaspace       used 80192K, capacity 83800K, committed 84096K, reserved 1124352K
  class space    used 7502K, capacity 8778K, committed 8832K, reserved 1048576K
}
Event: 3984.567 GC heap after
{Heap after GC invocations=1823 (full 61):
 PSYoungGen      total 5632K, used 464K [0x00000000eab00000, 0x00000000eb480000, 0x0000000100000000)
  eden space 5120K, 0% used [0x00000000eab00000,0x00000000eab00000,0x00000000eb000000)
  from space 512K, 90% used [0x00000000eb400000,0x00000000eb474010,0x00000000eb480000)
  to   space 1024K, 0% used [0x00000000eb280000,0x00000000eb280000,0x00000000eb380000)
 ParOldGen       total 148992K, used 126240K [0x00000000c0000000, 0x00000000c9180000, 0x00000000eab00000)
  object space 148992K, 84% used [0x00000000c0000000,0x00000000c7b483b8,0x00000000c9180000)
 Metaspace       used 80192K, capacity 83800K, committed 84096K, reserved 1124352K
  class space    used 7502K, capacity 8778K, committed 8832K, reserved 1048576K
}
Event: 3985.289 GC heap before
{Heap before GC invocations=1824 (full 61):
 PSYoungGen      total 5632K, used 5584K [0x00000000eab00000, 0x00000000eb480000, 0x0000000100000000)
  eden space 5120K, 100% used [0x00000000eab00000,0x00000000eb000000,0x00000000eb000000)
  from space 512K, 90% used [0x00000000eb400000,0x00000000eb474010,0x00000000eb480000)
  to   space 1024K, 0% used [0x00000000eb280000,0x00000000eb280000,0x00000000eb380000)
 ParOldGen       total 148992K, used 126240K [0x00000000c0000000, 0x00000000c9180000, 0x00000000eab00000)
  object space 148992K, 84% used [0x00000000c0000000,0x00000000c7b483b8,0x00000000c9180000)
 Metaspace       used 80230K, capacity 83800K, committed 84096K, reserved 1124352K
  class space    used 7507K, capacity 8778K, committed 8832K, reserved 1048576K
}
Event: 3985.297 GC heap after
{Heap after GC invocations=1824 (full 61):
 PSYoungGen      total 6144K, used 1019K [0x00000000eab00000, 0x00000000eb600000, 0x0000000100000000)
  eden space 5120K, 0% used [0x00000000eab00000,0x00000000eab00000,0x00000000eb000000)
  from space 1024K, 99% used [0x00000000eb280000,0x00000000eb37ed90,0x00000000eb380000)
  to   space 2560K, 0% used [0x00000000eb380000,0x00000000eb380000,0x00000000eb600000)
 ParOldGen       total 148992K, used 127564K [0x00000000c0000000, 0x00000000c9180000, 0x00000000eab00000)
  object space 148992K, 85% used [0x00000000c0000000,0x00000000c7c93148,0x00000000c9180000)
 Metaspace       used 80230K, capacity 83800K, committed 84096K, reserved 1124352K
  class space    used 7507K, capacity 8778K, committed 8832K, reserved 1048576K
}
Event: 3985.342 GC heap before
{Heap before GC invocations=1825 (full 61):
 PSYoungGen      total 6144K, used 6139K [0x00000000eab00000, 0x00000000eb600000, 0x0000000100000000)
  eden space 5120K, 100% used [0x00000000eab00000,0x00000000eb000000,0x00000000eb000000)
  from space 1024K, 99% used [0x00000000eb280000,0x00000000eb37ed90,0x00000000eb380000)
  to   space 2560K, 0% used [0x00000000eb380000,0x00000000eb380000,0x00000000eb600000)
 ParOldGen       total 148992K, used 127564K [0x00000000c0000000, 0x00000000c9180000, 0x00000000eab00000)
  object space 148992K, 85% used [0x00000000c0000000,0x00000000c7c93148,0x00000000c9180000)
 Metaspace       used 80230K, capacity 83800K, committed 84096K, reserved 1124352K
  class space    used 7507K, capacity 8778K, committed 8832K, reserved 1048576K
}
Event: 3985.348 GC heap after
{Heap after GC invocations=1825 (full 61):
 PSYoungGen      total 4608K, used 2560K [0x00000000eab00000, 0x00000000ebd00000, 0x0000000100000000)
  eden space 2048K, 0% used [0x00000000eab00000,0x00000000eab00000,0x00000000ead00000)
  from space 2560K, 100% used [0x00000000eb380000,0x00000000eb600000,0x00000000eb600000)
  to   space 6656K, 0% used [0x00000000ead00000,0x00000000ead00000,0x00000000eb380000)
 ParOldGen       total 148992K, used 130654K [0x00000000c0000000, 0x00000000c9180000, 0x00000000eab00000)
  object space 148992K, 87% used [0x00000000c0000000,0x00000000c7f97918,0x00000000c9180000)
 Metaspace       used 80230K, capacity 83800K, committed 84096K, reserved 1124352K
  class space    used 7507K, capacity 8778K, committed 8832K, reserved 1048576K
}
Event: 3985.359 GC heap before
{Heap before GC invocations=1826 (full 61):
 PSYoungGen      total 4608K, used 4608K [0x00000000eab00000, 0x00000000ebd00000, 0x0000000100000000)
  eden space 2048K, 100% used [0x00000000eab00000,0x00000000ead00000,0x00000000ead00000)
  from space 2560K, 100% used [0x00000000eb380000,0x00000000eb600000,0x00000000eb600000)
  to   space 6656K, 0% used [0x00000000ead00000,0x00000000ead00000,0x00000000eb380000)
 ParOldGen       total 148992K, used 130654K [0x00000000c0000000, 0x00000000c9180000, 0x00000000eab00000)
  object space 148992K, 87% used [0x00000000c0000000,0x00000000c7f97918,0x00000000c9180000)
 Metaspace       used 80230K, capacity 83800K, committed 84096K, reserved 1124352K
  class space    used 7507K, capacity 8778K, committed 8832K, reserved 1048576K
}
Event: 3985.364 GC heap after
{Heap after GC invocations=1826 (full 61):
 PSYoungGen      total 2560K, used 512K [0x00000000eab00000, 0x00000000eb400000, 0x0000000100000000)
  eden space 2048K, 0% used [0x00000000eab00000,0x00000000eab00000,0x00000000ead00000)
  from space 512K, 100% used [0x00000000ead00000,0x00000000ead80000,0x00000000ead80000)
  to   space 2560K, 0% used [0x00000000eb180000,0x00000000eb180000,0x00000000eb400000)
 ParOldGen       total 148992K, used 133252K [0x00000000c0000000, 0x00000000c9180000, 0x00000000eab00000)
  object space 148992K, 89% used [0x00000000c0000000,0x00000000c82213a0,0x00000000c9180000)
 Metaspace       used 80230K, capacity 83800K, committed 84096K, reserved 1124352K
  class space    used 7507K, capacity 8778K, committed 8832K, reserved 1048576K
}
Event: 3985.371 GC heap before
{Heap before GC invocations=1827 (full 61):
 PSYoungGen      total 2560K, used 2560K [0x00000000eab00000, 0x00000000eb400000, 0x0000000100000000)
  eden space 2048K, 100% used [0x00000000eab00000,0x00000000ead00000,0x00000000ead00000)
  from space 512K, 100% used [0x00000000ead00000,0x00000000ead80000,0x00000000ead80000)
  to   space 2560K, 0% used [0x00000000eb180000,0x00000000eb180000,0x00000000eb400000)
 ParOldGen       total 148992K, used 133252K [0x00000000c0000000, 0x00000000c9180000, 0x00000000eab00000)
  object space 148992K, 89% used [0x00000000c0000000,0x00000000c82213a0,0x00000000c9180000)
 Metaspace       used 80230K, capacity 83800K, committed 84096K, reserved 1124352K
  class space    used 7507K, capacity 8778K, committed 8832K, reserved 1048576K
}
Event: 3985.373 GC heap after
{Heap after GC invocations=1827 (full 61):
 PSYoungGen      total 3072K, used 544K [0x00000000eab00000, 0x00000000eb280000, 0x0000000100000000)
  eden space 2048K, 0% used [0x00000000eab00000,0x00000000eab00000,0x00000000ead00000)
  from space 1024K, 53% used [0x00000000eb180000,0x00000000eb208000,0x00000000eb280000)
  to   space 1024K, 0% used [0x00000000eb080000,0x00000000eb080000,0x00000000eb180000)
 ParOldGen       total 148992K, used 133708K [0x00000000c0000000, 0x00000000c9180000, 0x00000000eab00000)
  object space 148992K, 89% used [0x00000000c0000000,0x00000000c82933a0,0x00000000c9180000)
 Metaspace       used 80230K, capacity 83800K, committed 84096K, reserved 1124352K
  class space    used 7507K, capacity 8778K, committed 8832K, reserved 1048576K
}
Event: 3985.383 GC heap before
{Heap before GC invocations=1828 (full 61):
 PSYoungGen      total 3072K, used 2592K [0x00000000eab00000, 0x00000000eb280000, 0x0000000100000000)
  eden space 2048K, 100% used [0x00000000eab00000,0x00000000ead00000,0x00000000ead00000)
  from space 1024K, 53% used [0x00000000eb180000,0x00000000eb208000,0x00000000eb280000)
  to   space 1024K, 0% used [0x00000000eb080000,0x00000000eb080000,0x00000000eb180000)
 ParOldGen       total 148992K, used 133708K [0x00000000c0000000, 0x00000000c9180000, 0x00000000eab00000)
  object space 148992K, 89% used [0x00000000c0000000,0x00000000c82933a0,0x00000000c9180000)
 Metaspace       used 80234K, capacity 83800K, committed 84096K, reserved 1124352K
  class space    used 7507K, capacity 8778K, committed 8832K, reserved 1048576K
}
Event: 3985.385 GC heap after
{Heap after GC invocations=1828 (full 61):
 PSYoungGen      total 3072K, used 576K [0x00000000eab00000, 0x00000000eb200000, 0x0000000100000000)
  eden space 2048K, 0% used [0x00000000eab00000,0x00000000eab00000,0x00000000ead00000)
  from space 1024K, 56% used [0x00000000eb080000,0x00000000eb110000,0x00000000eb180000)
  to   space 512K, 0% used [0x00000000eb180000,0x00000000eb180000,0x00000000eb200000)
 ParOldGen       total 148992K, used 134188K [0x00000000c0000000, 0x00000000c9180000, 0x00000000eab00000)
  object space 148992K, 90% used [0x00000000c0000000,0x00000000c830b3a0,0x00000000c9180000)
 Metaspace       used 80234K, capacity 83800K, committed 84096K, reserved 1124352K
  class space    used 7507K, capacity 8778K, committed 8832K, reserved 1048576K
}
Event: 3985.398 GC heap before
{Heap before GC invocations=1829 (full 61):
 PSYoungGen      total 3072K, used 2624K [0x00000000eab00000, 0x00000000eb200000, 0x0000000100000000)
  eden space 2048K, 100% used [0x00000000eab00000,0x00000000ead00000,0x00000000ead00000)
  from space 1024K, 56% used [0x00000000eb080000,0x00000000eb110000,0x00000000eb180000)
  to   space 512K, 0% used [0x00000000eb180000,0x00000000eb180000,0x00000000eb200000)
 ParOldGen       total 148992K, used 134188K [0x00000000c0000000, 0x00000000c9180000, 0x00000000eab00000)
  object space 148992K, 90% used [0x00000000c0000000,0x00000000c830b3a0,0x00000000c9180000)
 Metaspace       used 80235K, capacity 83800K, committed 84096K, reserved 1124352K
  class space    used 7507K, capacity 8778K, committed 8832K, reserved 1048576K
}
Event: 3985.400 GC heap after
{Heap after GC invocations=1829 (full 61):
 PSYoungGen      total 2560K, used 512K [0x00000000eab00000, 0x00000000eb200000, 0x0000000100000000)
  eden space 2048K, 0% used [0x00000000eab00000,0x00000000eab00000,0x00000000ead00000)
  from space 512K, 100% used [0x00000000eb180000,0x00000000eb200000,0x00000000eb200000)
  to   space 1536K, 0% used [0x00000000eaf00000,0x00000000eaf00000,0x00000000eb080000)
 ParOldGen       total 148992K, used 134756K [0x00000000c0000000, 0x00000000c9180000, 0x00000000eab00000)
  object space 148992K, 90% used [0x00000000c0000000,0x00000000c83993a0,0x00000000c9180000)
 Metaspace       used 80235K, capacity 83800K, committed 84096K, reserved 1124352K
  class space    used 7507K, capacity 8778K, committed 8832K, reserved 1048576K
}
Event: 3985.419 GC heap before
{Heap before GC invocations=1830 (full 61):
 PSYoungGen      total 2560K, used 2560K [0x00000000eab00000, 0x00000000eb200000, 0x0000000100000000)
  eden space 2048K, 100% used [0x00000000eab00000,0x00000000ead00000,0x00000000ead00000)
  from space 512K, 100% used [0x00000000eb180000,0x00000000eb200000,0x00000000eb200000)
  to   space 1536K, 0% used [0x00000000eaf00000,0x00000000eaf00000,0x00000000eb080000)
 ParOldGen       total 148992K, used 134756K [0x00000000c0000000, 0x00000000c9180000, 0x00000000eab00000)
  object space 148992K, 90% used [0x00000000c0000000,0x00000000c83993a0,0x00000000c9180000)
 Metaspace       used 80240K, capacity 83864K, committed 84096K, reserved 1124352K
  class space    used 7507K, capacity 8778K, committed 8832K, reserved 1048576K
}
Event: 3985.421 GC heap after
{Heap after GC invocations=1830 (full 61):
 PSYoungGen      total 3584K, used 672K [0x00000000eab00000, 0x00000000eb200000, 0x0000000100000000)
  eden space 2048K, 0% used [0x00000000eab00000,0x00000000eab00000,0x00000000ead00000)
  from space 1536K, 43% used [0x00000000eaf00000,0x00000000eafa8000,0x00000000eb080000)
  to   space 1024K, 0% used [0x00000000eb100000,0x00000000eb100000,0x00000000eb200000)
 ParOldGen       total 148992K, used 135276K [0x00000000c0000000, 0x00000000c9180000, 0x00000000eab00000)
  object space 148992K, 90% used [0x00000000c0000000,0x00000000c841b3a0,0x00000000c9180000)
 Metaspace       used 80240K, capacity 83864K, committed 84096K, reserved 1124352K
  class space    used 7507K, capacity 8778K, committed 8832K, reserved 1048576K
}
Event: 3985.444 GC heap before
{Heap before GC invocations=1831 (full 61):
 PSYoungGen      total 3584K, used 2717K [0x00000000eab00000, 0x00000000eb200000, 0x0000000100000000)
  eden space 2048K, 99% used [0x00000000eab00000,0x00000000eacff588,0x00000000ead00000)
  from space 1536K, 43% used [0x00000000eaf00000,0x00000000eafa8000,0x00000000eb080000)
  to   space 1024K, 0% used [0x00000000eb100000,0x00000000eb100000,0x00000000eb200000)
 ParOldGen       total 148992K, used 135276K [0x00000000c0000000, 0x00000000c9180000, 0x00000000eab00000)
  object space 148992K, 90% used [0x00000000c0000000,0x00000000c841b3a0,0x00000000c9180000)
 Metaspace       used 80249K, capacity 83864K, committed 84096K, reserved 1124352K
  class space    used 7510K, capacity 8778K, committed 8832K, reserved 1048576K
}
Event: 3985.448 GC heap after
{Heap after GC invocations=1831 (full 61):
 PSYoungGen      total 3072K, used 736K [0x00000000eab00000, 0x00000000eb200000, 0x0000000100000000)
  eden space 2048K, 0% used [0x00000000eab00000,0x00000000eab00000,0x00000000ead00000)
  from space 1024K, 71% used [0x00000000eb100000,0x00000000eb1b8000,0x00000000eb200000)
  to   space 1024K, 0% used [0x00000000eb000000,0x00000000eb000000,0x00000000eb100000)
 ParOldGen       total 148992K, used 135929K [0x00000000c0000000, 0x00000000c9180000, 0x00000000eab00000)
  object space 148992K, 91% used [0x00000000c0000000,0x00000000c84be6f8,0x00000000c9180000)
 Metaspace       used 80249K, capacity 83864K, committed 84096K, reserved 1124352K
  class space    used 7510K, capacity 8778K, committed 8832K, reserved 1048576K
}
Event: 3985.470 GC heap before
{Heap before GC invocations=1832 (full 61):
 PSYoungGen      total 3072K, used 2762K [0x00000000eab00000, 0x00000000eb200000, 0x0000000100000000)
  eden space 2048K, 98% used [0x00000000eab00000,0x00000000eacfa8f8,0x00000000ead00000)
  from space 1024K, 71% used [0x00000000eb100000,0x00000000eb1b8000,0x00000000eb200000)
  to   space 1024K, 0% used [0x00000000eb000000,0x00000000eb000000,0x00000000eb100000)
 ParOldGen       total 148992K, used 135929K [0x00000000c0000000, 0x00000000c9180000, 0x00000000eab00000)
  object space 148992K, 91% used [0x00000000c0000000,0x00000000c84be6f8,0x00000000c9180000)
 Metaspace       used 80250K, capacity 83864K, committed 84096K, reserved 1124352K
  class space    used 7510K, capacity 8778K, committed 8832K, reserved 1048576K
}
Event: 3985.474 GC heap after
{Heap after GC invocations=1832 (full 61):
 PSYoungGen      total 3072K, used 641K [0x00000000eab00000, 0x00000000eb180000, 0x0000000100000000)
  eden space 2048K, 0% used [0x00000000eab00000,0x00000000eab00000,0x00000000ead00000)
  from space 1024K, 62% used [0x00000000eb000000,0x00000000eb0a07d0,0x00000000eb100000)
  to   space 512K, 0% used [0x00000000eb100000,0x00000000eb100000,0x00000000eb180000)
 ParOldGen       total 148992K, used 136635K [0x00000000c0000000, 0x00000000c9180000, 0x00000000eab00000)
  object space 148992K, 91% used [0x00000000c0000000,0x00000000c856ef40,0x00000000c9180000)
 Metaspace       used 80250K, capacity 83864K, committed 84096K, reserved 1124352K
  class space    used 7510K, capacity 8778K, committed 8832K, reserved 1048576K
}

Deoptimization events (20 events):
Event: 3985.286 Thread 0x000001efda275000 DEOPT PACKING pc=0x000001efc7bf6ea3 sp=0x000000bce10fe950
Event: 3985.286 Thread 0x000001efda275000 DEOPT UNPACKING pc=0x000001efc63a65de sp=0x000000bce10fdde0 mode 0
Event: 3985.287 Thread 0x000001efda275000 DEOPT PACKING pc=0x000001efc7bf6ea3 sp=0x000000bce10fe950
Event: 3985.287 Thread 0x000001efda275000 DEOPT UNPACKING pc=0x000001efc63a65de sp=0x000000bce10fdde0 mode 0
Event: 3985.288 Thread 0x000001efda275000 DEOPT PACKING pc=0x000001efc7bf6ea3 sp=0x000000bce10fe950
Event: 3985.288 Thread 0x000001efda275000 DEOPT UNPACKING pc=0x000001efc63a65de sp=0x000000bce10fdde0 mode 0
Event: 3985.289 Thread 0x000001efda275000 DEOPT PACKING pc=0x000001efc7bf6ea3 sp=0x000000bce10fe950
Event: 3985.289 Thread 0x000001efda275000 DEOPT UNPACKING pc=0x000001efc63a65de sp=0x000000bce10fdde0 mode 0
Event: 3985.299 Thread 0x000001efda275000 DEOPT PACKING pc=0x000001efc7bf6ea3 sp=0x000000bce10fe950
Event: 3985.299 Thread 0x000001efda275000 DEOPT UNPACKING pc=0x000001efc63a65de sp=0x000000bce10fdde0 mode 0
Event: 3985.300 Thread 0x000001efda275000 DEOPT PACKING pc=0x000001efc7bf6ea3 sp=0x000000bce10fe950
Event: 3985.300 Thread 0x000001efda275000 DEOPT UNPACKING pc=0x000001efc63a65de sp=0x000000bce10fdde0 mode 0
Event: 3985.423 Thread 0x000001efda71e000 Uncommon trap: trap_request=0xffffff4d fr.pc=0x000001efcec45e44 relative=0x00000000000015e4
Event: 3985.423 Thread 0x000001efda71e000 Uncommon trap: reason=unstable_if action=reinterpret pc=0x000001efcec45e44 method=org.eclipse.jdt.internal.compiler.lookup.LookupEnvironment.getType([[CLorg/eclipse/jdt/internal/compiler/lookup/ModuleBinding;)Lorg/eclipse/jdt/internal/compiler/lookup/Refe
Event: 3985.423 Thread 0x000001efda71e000 DEOPT PACKING pc=0x000001efcec45e44 sp=0x000000bce2efdc10
Event: 3985.423 Thread 0x000001efda71e000 DEOPT UNPACKING pc=0x000001efc63a5e2f sp=0x000000bce2efdbc0 mode 2
Event: 3985.449 Thread 0x000001efda71e000 Uncommon trap: trap_request=0xffffff4d fr.pc=0x000001efce414aac relative=0x000000000000082c
Event: 3985.449 Thread 0x000001efda71e000 Uncommon trap: reason=unstable_if action=reinterpret pc=0x000001efce414aac method=org.eclipse.jdt.internal.compiler.lookup.ReferenceBinding.computeId()V @ 2121 c2
Event: 3985.449 Thread 0x000001efda71e000 DEOPT PACKING pc=0x000001efce414aac sp=0x000000bce2efd9f0
Event: 3985.449 Thread 0x000001efda71e000 DEOPT UNPACKING pc=0x000001efc63a5e2f sp=0x000000bce2efd970 mode 2

Classes redefined (0 events):
No events

Internal exceptions (20 events):
Event: 3787.062 Thread 0x000001efda72c800 Exception <a 'java/lang/ClassNotFoundException'{0x00000000ead3aa38}: sun/net/www/protocol/jdt/Handler> (0x00000000ead3aa38) thrown at [./src/hotspot/share/classfile/systemDictionary.cpp, line 231]
Event: 3787.062 Thread 0x000001efda72c800 Exception <a 'java/lang/ClassNotFoundException'{0x00000000eada8958}: sun/net/www/protocol/jdt/Handler> (0x00000000eada8958) thrown at [./src/hotspot/share/classfile/systemDictionary.cpp, line 231]
Event: 3787.063 Thread 0x000001efda72c800 Exception <a 'java/lang/ClassNotFoundException'{0x00000000eadaaa48}: sun/net/www/protocol/jdt/Handler> (0x00000000eadaaa48) thrown at [./src/hotspot/share/classfile/systemDictionary.cpp, line 231]
Event: 3787.063 Thread 0x000001efda72c800 Exception <a 'java/lang/ClassNotFoundException'{0x00000000eadacb60}: sun/net/www/protocol/jdt/Handler> (0x00000000eadacb60) thrown at [./src/hotspot/share/classfile/systemDictionary.cpp, line 231]
Event: 3787.170 Thread 0x000001efda72c000 Exception <a 'java/lang/ClassNotFoundException'{0x00000000eb041768}: sun/net/www/protocol/jdt/Handler> (0x00000000eb041768) thrown at [./src/hotspot/share/classfile/systemDictionary.cpp, line 231]
Event: 3787.170 Thread 0x000001efda72c000 Exception <a 'java/lang/ClassNotFoundException'{0x00000000eb044370}: sun/net/www/protocol/jdt/Handler> (0x00000000eb044370) thrown at [./src/hotspot/share/classfile/systemDictionary.cpp, line 231]
Event: 3787.170 Thread 0x000001efda72c000 Exception <a 'java/lang/ClassNotFoundException'{0x00000000eb0468b0}: sun/net/www/protocol/jdt/Handler> (0x00000000eb0468b0) thrown at [./src/hotspot/share/classfile/systemDictionary.cpp, line 231]
Event: 3787.170 Thread 0x000001efda72c000 Exception <a 'java/lang/ClassNotFoundException'{0x00000000eb0489a0}: sun/net/www/protocol/jdt/Handler> (0x00000000eb0489a0) thrown at [./src/hotspot/share/classfile/systemDictionary.cpp, line 231]
Event: 3787.170 Thread 0x000001efda72c000 Exception <a 'java/lang/ClassNotFoundException'{0x00000000eb04aa90}: sun/net/www/protocol/jdt/Handler> (0x00000000eb04aa90) thrown at [./src/hotspot/share/classfile/systemDictionary.cpp, line 231]
Event: 3787.170 Thread 0x000001efda72c000 Exception <a 'java/lang/ClassNotFoundException'{0x00000000eb055fd8}: sun/net/www/protocol/jdt/Handler> (0x00000000eb055fd8) thrown at [./src/hotspot/share/classfile/systemDictionary.cpp, line 231]
Event: 3789.409 Thread 0x000001efda71e000 Exception <a 'java/lang/ArrayIndexOutOfBoundsException'{0x00000000eac2a458}> (0x00000000eac2a458) thrown at [./src/hotspot/share/runtime/sharedRuntime.cpp, line 606]
Event: 3807.242 Thread 0x000001efda71e800 Exception <a 'java/lang/ArrayIndexOutOfBoundsException'{0x00000000eab844d8}> (0x00000000eab844d8) thrown at [./src/hotspot/share/runtime/sharedRuntime.cpp, line 606]
Event: 3807.254 Thread 0x000001efda71e800 Exception <a 'java/lang/ArrayIndexOutOfBoundsException'{0x00000000eacdd650}> (0x00000000eacdd650) thrown at [./src/hotspot/share/runtime/sharedRuntime.cpp, line 606]
Event: 3809.316 Thread 0x000001efda71e800 Exception <a 'java/lang/ArrayIndexOutOfBoundsException'{0x00000000eafe3448}> (0x00000000eafe3448) thrown at [./src/hotspot/share/runtime/sharedRuntime.cpp, line 606]
Event: 3809.326 Thread 0x000001efda71e800 Exception <a 'java/lang/ArrayIndexOutOfBoundsException'{0x00000000eac3de58}> (0x00000000eac3de58) thrown at [./src/hotspot/share/runtime/sharedRuntime.cpp, line 606]
Event: 3861.848 Thread 0x000001efda720800 Exception <a 'java/lang/NoSuchMethodError'{0x00000000eace0ef0}: 'int java.lang.invoke.DirectMethodHandle$Holder.invokeStatic(java.lang.Object, int, java.lang.Object, java.lang.Object)'> (0x00000000eace0ef0) thrown at [./src/hotspot/share/interpreter/linkResolver.cpp, line 773]
Event: 3861.850 Thread 0x000001efda720800 Exception <a 'java/lang/NoSuchMethodError'{0x00000000eace7f90}: 'void java.lang.invoke.DirectMethodHandle$Holder.invokeSpecial(java.lang.Object, java.lang.Object, java.lang.Object, java.lang.Object, java.lang.Object)'> (0x00000000eace7f90) thrown at [./src/hotspot/share/interpreter/linkResolver.cpp, line 773]
Event: 3864.028 Thread 0x000001efda275000 Implicit null exception at 0x000001efcec8dccf to 0x000001efcec919d0
Event: 3931.921 Thread 0x000001efda720800 Implicit null exception at 0x000001efce3736f7 to 0x000001efce373aac
Event: 3985.423 Thread 0x000001efda71e000 Implicit null exception at 0x000001efcec44bf3 to 0x000001efcec45e20

Events (20 events):
Event: 3984.561 Executing VM operation: ParallelGCFailedAllocation
Event: 3984.567 Executing VM operation: ParallelGCFailedAllocation done
Event: 3985.289 Executing VM operation: ParallelGCFailedAllocation
Event: 3985.298 Executing VM operation: ParallelGCFailedAllocation done
Event: 3985.342 Executing VM operation: ParallelGCFailedAllocation
Event: 3985.348 Executing VM operation: ParallelGCFailedAllocation done
Event: 3985.359 Executing VM operation: ParallelGCFailedAllocation
Event: 3985.364 Executing VM operation: ParallelGCFailedAllocation done
Event: 3985.371 Executing VM operation: ParallelGCFailedAllocation
Event: 3985.373 Executing VM operation: ParallelGCFailedAllocation done
Event: 3985.383 Executing VM operation: ParallelGCFailedAllocation
Event: 3985.386 Executing VM operation: ParallelGCFailedAllocation done
Event: 3985.397 Executing VM operation: ParallelGCFailedAllocation
Event: 3985.400 Executing VM operation: ParallelGCFailedAllocation done
Event: 3985.419 Executing VM operation: ParallelGCFailedAllocation
Event: 3985.421 Executing VM operation: ParallelGCFailedAllocation done
Event: 3985.443 Executing VM operation: ParallelGCFailedAllocation
Event: 3985.448 Executing VM operation: ParallelGCFailedAllocation done
Event: 3985.470 Executing VM operation: ParallelGCFailedAllocation
Event: 3985.474 Executing VM operation: ParallelGCFailedAllocation done


Dynamic libraries:
0x00007ff6d0130000 - 0x00007ff6d013d000 	C:\Program Files\AdoptOpenJDK\jdk-11.0.11.9-hotspot\bin\java.exe
0x00007ffcd3e70000 - 0x00007ffcd4065000 	C:\WINDOWS\SYSTEM32\ntdll.dll
0x00007ffcd33f0000 - 0x00007ffcd34ad000 	C:\WINDOWS\System32\KERNEL32.DLL
0x00007ffcd1ac0000 - 0x00007ffcd1d89000 	C:\WINDOWS\System32\KERNELBASE.dll
0x00007ffcd1720000 - 0x00007ffcd1820000 	C:\WINDOWS\System32\ucrtbase.dll
0x00007ffc88030000 - 0x00007ffc88047000 	C:\Program Files\AdoptOpenJDK\jdk-11.0.11.9-hotspot\bin\jli.dll
0x00007ffcd2620000 - 0x00007ffcd27c0000 	C:\WINDOWS\System32\USER32.dll
0x00007ffc88010000 - 0x00007ffc88025000 	C:\Program Files\AdoptOpenJDK\jdk-11.0.11.9-hotspot\bin\VCRUNTIME140.dll
0x00007ffcd1d90000 - 0x00007ffcd1db2000 	C:\WINDOWS\System32\win32u.dll
0x00007ffcd2530000 - 0x00007ffcd255a000 	C:\WINDOWS\System32\GDI32.dll
0x00007ffcd1610000 - 0x00007ffcd171b000 	C:\WINDOWS\System32\gdi32full.dll
0x00007ffcc1d50000 - 0x00007ffcc1fea000 	C:\WINDOWS\WinSxS\amd64_microsoft.windows.common-controls_6595b64144ccf1df_6.0.19041.1110_none_60b5254171f9507e\COMCTL32.dll
0x00007ffcd27c0000 - 0x00007ffcd285e000 	C:\WINDOWS\System32\msvcrt.dll
0x00007ffcd1dc0000 - 0x00007ffcd1e5d000 	C:\WINDOWS\System32\msvcp_win.dll
0x00007ffcd2500000 - 0x00007ffcd2530000 	C:\WINDOWS\System32\IMM32.DLL
0x00007ffc788d0000 - 0x00007ffc7896b000 	C:\Program Files\AdoptOpenJDK\jdk-11.0.11.9-hotspot\bin\msvcp140.dll
0x00007ffc75960000 - 0x00007ffc764ab000 	C:\Program Files\AdoptOpenJDK\jdk-11.0.11.9-hotspot\bin\server\jvm.dll
0x00007ffcd1ee0000 - 0x00007ffcd1f8c000 	C:\WINDOWS\System32\ADVAPI32.dll
0x00007ffcd2580000 - 0x00007ffcd261b000 	C:\WINDOWS\System32\sechost.dll
0x00007ffcd3510000 - 0x00007ffcd363a000 	C:\WINDOWS\System32\RPCRT4.dll
0x00007ffcd3300000 - 0x00007ffcd3308000 	C:\WINDOWS\System32\PSAPI.DLL
0x00007ffcc9de0000 - 0x00007ffcc9de9000 	C:\WINDOWS\SYSTEM32\WSOCK32.dll
0x00007ffcd2f40000 - 0x00007ffcd2fab000 	C:\WINDOWS\System32\WS2_32.dll
0x00007ffcbee40000 - 0x00007ffcbee67000 	C:\WINDOWS\SYSTEM32\WINMM.dll
0x00007ffcc0aa0000 - 0x00007ffcc0aaa000 	C:\WINDOWS\SYSTEM32\VERSION.dll
0x00007ffccf4e0000 - 0x00007ffccf4f2000 	C:\WINDOWS\SYSTEM32\kernel.appcore.dll
0x00007ffcc2010000 - 0x00007ffcc2020000 	C:\Program Files\AdoptOpenJDK\jdk-11.0.11.9-hotspot\bin\verify.dll
0x00007ffccee90000 - 0x00007ffccf074000 	C:\WINDOWS\SYSTEM32\DBGHELP.DLL
0x00007ffcbad40000 - 0x00007ffcbad6c000 	C:\WINDOWS\SYSTEM32\dbgcore.DLL
0x00007ffcd18d0000 - 0x00007ffcd1953000 	C:\WINDOWS\System32\bcryptPrimitives.dll
0x00007ffc7cfc0000 - 0x00007ffc7cfe8000 	C:\Program Files\AdoptOpenJDK\jdk-11.0.11.9-hotspot\bin\java.dll
0x00007ffcada90000 - 0x00007ffcada9a000 	C:\Program Files\AdoptOpenJDK\jdk-11.0.11.9-hotspot\bin\jimage.dll
0x00007ffc7d5a0000 - 0x00007ffc7d5b7000 	C:\Program Files\AdoptOpenJDK\jdk-11.0.11.9-hotspot\bin\zip.dll
0x00007ffcd3640000 - 0x00007ffcd3d7f000 	C:\WINDOWS\System32\SHELL32.dll
0x00007ffccf6e0000 - 0x00007ffccfe71000 	C:\WINDOWS\SYSTEM32\windows.storage.dll
0x00007ffcd1f90000 - 0x00007ffcd22e5000 	C:\WINDOWS\System32\combase.dll
0x00007ffcd1020000 - 0x00007ffcd104c000 	C:\WINDOWS\SYSTEM32\Wldp.dll
0x00007ffcd3d80000 - 0x00007ffcd3e2e000 	C:\WINDOWS\System32\SHCORE.dll
0x00007ffcd34b0000 - 0x00007ffcd3505000 	C:\WINDOWS\System32\shlwapi.dll
0x00007ffcd14f0000 - 0x00007ffcd150f000 	C:\WINDOWS\SYSTEM32\profapi.dll
0x00007ffc7cc60000 - 0x00007ffc7cc79000 	C:\Program Files\AdoptOpenJDK\jdk-11.0.11.9-hotspot\bin\net.dll
0x00007ffcc14d0000 - 0x00007ffcc15da000 	C:\WINDOWS\SYSTEM32\WINHTTP.dll
0x00007ffcd0d80000 - 0x00007ffcd0dea000 	C:\WINDOWS\system32\mswsock.dll
0x00007ffc7cbc0000 - 0x00007ffc7cbd2000 	C:\Program Files\AdoptOpenJDK\jdk-11.0.11.9-hotspot\bin\nio.dll
0x00007ffcc0bc0000 - 0x00007ffcc0bce000 	C:\Program Files\AdoptOpenJDK\jdk-11.0.11.9-hotspot\bin\sunmscapi.dll
0x00007ffcd1960000 - 0x00007ffcd1abf000 	C:\WINDOWS\System32\CRYPT32.dll
0x00007ffcd1090000 - 0x00007ffcd10b7000 	C:\WINDOWS\SYSTEM32\ncrypt.dll
0x00007ffcd1050000 - 0x00007ffcd108b000 	C:\WINDOWS\SYSTEM32\NTASN1.dll
0x00007ffc7c9a0000 - 0x00007ffc7c9c5000 	C:\Program Files\AdoptOpenJDK\jdk-11.0.11.9-hotspot\bin\sunec.dll
0x00007ffcd0f60000 - 0x00007ffcd0f78000 	C:\WINDOWS\SYSTEM32\CRYPTSP.dll
0x00007ffcd06b0000 - 0x00007ffcd06e4000 	C:\WINDOWS\system32\rsaenh.dll
0x00007ffcd1eb0000 - 0x00007ffcd1ed7000 	C:\WINDOWS\System32\bcrypt.dll
0x00007ffcd1470000 - 0x00007ffcd149e000 	C:\WINDOWS\SYSTEM32\USERENV.dll
0x00007ffcd0f80000 - 0x00007ffcd0f8c000 	C:\WINDOWS\SYSTEM32\CRYPTBASE.dll
0x00007ffcd0a20000 - 0x00007ffcd0a5b000 	C:\WINDOWS\SYSTEM32\IPHLPAPI.DLL
0x00007ffcd2fb0000 - 0x00007ffcd2fb8000 	C:\WINDOWS\System32\NSI.dll
0x00007ffcc6020000 - 0x00007ffcc6037000 	C:\WINDOWS\SYSTEM32\dhcpcsvc6.DLL
0x00007ffcc7e10000 - 0x00007ffcc7e2d000 	C:\WINDOWS\SYSTEM32\dhcpcsvc.DLL
0x00007ffcd0a70000 - 0x00007ffcd0b3c000 	C:\WINDOWS\SYSTEM32\DNSAPI.dll
0x00007ffc7d860000 - 0x00007ffc7d89e000 	C:\Users\David\AppData\Roaming\Code\User\globalStorage\redhat.java\0.80.0\config_win\org.eclipse.equinox.launcher\org.eclipse.equinox.launcher.win32.win32.x86_64_1.2.300.v20210617-0451\eclipse_11502.dll
0x00007ffc7d760000 - 0x00007ffc7d771000 	C:\Users\David\AppData\Roaming\Code\User\globalStorage\redhat.java\0.80.0\config_win\org.eclipse.osgi\23\0\.cp\jWinHttp-1.0.0.dll
0x00007ffcd22f0000 - 0x00007ffcd241a000 	C:\WINDOWS\System32\ole32.dll
0x00007ffcbfc00000 - 0x00007ffcbfc0a000 	C:\Windows\System32\rasadhlp.dll
0x00007ffcc0880000 - 0x00007ffcc08ff000 	C:\WINDOWS\System32\fwpuclnt.dll

dbghelp: loaded successfully - version: 4.0.5 - missing functions: none
symbol engine: initialized successfully - sym options: 0x614 - pdb path: .;C:\Program Files\AdoptOpenJDK\jdk-11.0.11.9-hotspot\bin;C:\WINDOWS\SYSTEM32;C:\WINDOWS\WinSxS\amd64_microsoft.windows.common-controls_6595b64144ccf1df_6.0.19041.1110_none_60b5254171f9507e;C:\Program Files\AdoptOpenJDK\jdk-11.0.11.9-hotspot\bin\server;C:\Users\David\AppData\Roaming\Code\User\globalStorage\redhat.java\0.80.0\config_win\org.eclipse.equinox.launcher\org.eclipse.equinox.launcher.win32.win32.x86_64_1.2.300.v20210617-0451;C:\Users\David\AppData\Roaming\Code\User\globalStorage\redhat.java\0.80.0\config_win\org.eclipse.osgi\23\0\.cp

VM Arguments:
jvm_args: --add-modules=ALL-SYSTEM --add-opens=java.base/java.util=ALL-UNNAMED --add-opens=java.base/java.lang=ALL-UNNAMED -Declipse.application=org.eclipse.jdt.ls.core.id1 -Dosgi.bundles.defaultStartLevel=4 -Declipse.product=org.eclipse.jdt.ls.core.product -Dfile.encoding=utf8 -DwatchParentProcess=false -XX:+UseParallelGC -XX:GCTimeRatio=4 -XX:AdaptiveSizePolicyWeight=90 -Dsun.zip.disableMemoryMapping=true -Xmx1G -Xms100m -Xverify:none 
java_command: c:\Users\David\.vscode\extensions\redhat.java-0.80.0\server\plugins\org.eclipse.equinox.launcher_1.6.200.v20210416-2027.jar -configuration c:\Users\David\AppData\Roaming\Code\User\globalStorage\redhat.java\0.80.0\config_win -data c:\Users\David\AppData\Roaming\Code\User\workspaceStorage\a59c26c375d1063614dc211f7c1d4676\redhat.java\jdt_ws
java_class_path (initial): c:\Users\David\.vscode\extensions\redhat.java-0.80.0\server\plugins\org.eclipse.equinox.launcher_1.6.200.v20210416-2027.jar
Launcher Type: SUN_STANDARD

[Global flags]
    uintx AdaptiveSizePolicyWeight                 = 90                                        {product} {command line}
     bool BytecodeVerificationLocal                = false                                     {product} {command line}
     bool BytecodeVerificationRemote               = false                                     {product} {command line}
     intx CICompilerCount                          = 3                                         {product} {ergonomic}
    uintx GCTimeRatio                              = 4                                         {product} {command line}
   size_t InitialHeapSize                          = 104857600                                 {product} {command line}
   size_t MaxHeapSize                              = 1073741824                                {product} {command line}
   size_t MaxNewSize                               = 357564416                                 {product} {ergonomic}
   size_t MinHeapDeltaBytes                        = 524288                                    {product} {ergonomic}
   size_t NewSize                                  = 34603008                                  {product} {ergonomic}
    uintx NonNMethodCodeHeapSize                   = 5830732                                {pd product} {ergonomic}
    uintx NonProfiledCodeHeapSize                  = 122913754                              {pd product} {ergonomic}
   size_t OldSize                                  = 70254592                                  {product} {ergonomic}
    uintx ProfiledCodeHeapSize                     = 122913754                              {pd product} {ergonomic}
    uintx ReservedCodeCacheSize                    = 251658240                              {pd product} {ergonomic}
     bool SegmentedCodeCache                       = true                                      {product} {ergonomic}
     bool UseCompressedClassPointers               = true                                 {lp64_product} {ergonomic}
     bool UseCompressedOops                        = true                                 {lp64_product} {ergonomic}
     bool UseLargePagesIndividualAllocation        = false                                  {pd product} {ergonomic}
     bool UseParallelGC                            = true                                      {product} {command line}

Logging:
Log output configuration:
 #0: stdout all=warning uptime,level,tags
 #1: stderr all=off uptime,level,tags

Environment Variables:
JAVA_HOME=C:\Program Files\AdoptOpenJDK\jdk-11.0.11.9-hotspot\
PATH=C:\Program Files\AdoptOpenJDK\jdk-11.0.11.9-hotspot\bin;C:\Program Files (x86)\Common Files\Oracle\Java\javapath;C:\ProgramData\Oracle\Java\javapath;C:\WINDOWS\system32;C:\WINDOWS;C:\WINDOWS\System32\Wbem;C:\WINDOWS\System32\WindowsPowerShell\v1.0\;C:\WINDOWS\System32\OpenSSH\;C:\Program Files\Git\cmd;C:\Program Files\Git\mingw64\bin;C:\Program Files\Git\usr\bin;C:\Users\David\apache-maven-3.8.1\bin;C:\Users\David\AppData\Local\Programs\Python\Python39\Scripts\;C:\Users\David\AppData\Local\Programs\Python\Python39\;C:\Users\David\AppData\Local\Microsoft\WindowsApps;C:\Users\David\AppData\Local\Programs\Microsoft VS Code\bin;C:\Users\David\SQLite3;
USERNAME=David
OS=Windows_NT
PROCESSOR_IDENTIFIER=Intel64 Family 6 Model 69 Stepping 1, GenuineIntel



---------------  S Y S T E M  ---------------

OS: Windows 10 , 64 bit Build 19041 (10.0.19041.1023)
OS uptime: 0 days 1:14 hours

CPU:total 4 (initial active 4) (2 cores per cpu, 2 threads per core) family 6 model 69 stepping 1 microcode 0x25, cmov, cx8, fxsr, mmx, sse, sse2, sse3, ssse3, sse4.1, sse4.2, popcnt, avx, avx2, aes, clmul, erms, lzcnt, ht, tsc, tscinvbit, bmi1, bmi2, fma

Memory: 4k page, system-wide physical 8073M (3859M free)
TotalPageFile size 13961M (AvailPageFile size 8393M)
current process WorkingSet (physical memory assigned to process): 362M, peak: 435M
current process commit charge ("private bytes"): 396M, peak: 477M

vm_info: OpenJDK 64-Bit Server VM (11.0.11+9) for windows-amd64 JRE (11.0.11+9), built on Apr 20 2021 21:22:09 by "" with MS VC++ 15.9 (VS2017)

END.
